0 info it worked if it ends with ok
1 verbose cli [ 'D:\\IT\\nodejs\\\\node.exe',
1 verbose cli   'D:\\IT\\nodejs\\node_modules\\npm\\bin\\npm-cli.js',
1 verbose cli   'install',
1 verbose cli   'mpongojs' ]
2 info using npm@1.4.28
3 info using node@v0.10.34
4 verbose node symlink D:\IT\nodejs\\node.exe
5 warn package.json yoapp1229@0.0.0 No description
6 warn package.json yoapp1229@0.0.0 No repository field.
7 warn package.json yoapp1229@0.0.0 No README data
8 warn package.json karma-phantomjs-launcher@0.1.4 No README data
9 verbose readDependencies using package.json deps
10 verbose cache add [ 'mpongojs', null ]
11 verbose cache add name=undefined spec="mpongojs" args=["mpongojs",null]
12 verbose parsed url { protocol: null,
12 verbose parsed url   slashes: null,
12 verbose parsed url   auth: null,
12 verbose parsed url   host: null,
12 verbose parsed url   port: null,
12 verbose parsed url   hostname: null,
12 verbose parsed url   hash: null,
12 verbose parsed url   search: null,
12 verbose parsed url   query: null,
12 verbose parsed url   pathname: 'mpongojs',
12 verbose parsed url   path: 'mpongojs',
12 verbose parsed url   href: 'mpongojs' }
13 silly lockFile 712fea72-mpongojs mpongojs
14 verbose lock mpongojs C:\Users\maciejG53\AppData\Roaming\npm-cache\712fea72-mpongojs.lock
15 silly lockFile 712fea72-mpongojs mpongojs
16 silly lockFile 712fea72-mpongojs mpongojs
17 verbose addNamed [ 'mpongojs', '' ]
18 verbose addNamed [ null, '*' ]
19 silly lockFile b91db29a-mpongojs mpongojs@
20 verbose lock mpongojs@ C:\Users\maciejG53\AppData\Roaming\npm-cache\b91db29a-mpongojs.lock
21 silly addNameRange { name: 'mpongojs', range: '*', hasData: false }
22 verbose request where is /mpongojs
23 verbose request registry https://registry.npmjs.org/
24 verbose request id 747bce0b085cf80f
25 verbose url raw /mpongojs
26 verbose url resolving [ 'https://registry.npmjs.org/', './mpongojs' ]
27 verbose url resolved https://registry.npmjs.org/mpongojs
28 verbose request where is https://registry.npmjs.org/mpongojs
29 info trying registry request attempt 1 at 10:47:27
30 http GET https://registry.npmjs.org/mpongojs
31 http 404 https://registry.npmjs.org/mpongojs
32 verbose headers { date: 'Tue, 30 Dec 2014 15:47:32 GMT',
32 verbose headers   server: 'CouchDB/1.5.0 (Erlang OTP/R16B03)',
32 verbose headers   'content-type': 'application/json',
32 verbose headers   'cache-control': 'max-age=0',
32 verbose headers   'content-length': '52',
32 verbose headers   'accept-ranges': 'bytes',
32 verbose headers   via: '1.1 varnish',
32 verbose headers   age: '0',
32 verbose headers   'x-served-by': 'cache-atl6233-ATL',
32 verbose headers   'x-cache': 'MISS',
32 verbose headers   'x-cache-hits': '0',
32 verbose headers   'x-timer': 'S1419954452.040382,VS0,VE314',
32 verbose headers   'keep-alive': 'timeout=10, max=50',
32 verbose headers   connection: 'Keep-Alive' }
33 silly registry.get cb [ 404,
33 silly registry.get   { date: 'Tue, 30 Dec 2014 15:47:32 GMT',
33 silly registry.get     server: 'CouchDB/1.5.0 (Erlang OTP/R16B03)',
33 silly registry.get     'content-type': 'application/json',
33 silly registry.get     'cache-control': 'max-age=0',
33 silly registry.get     'content-length': '52',
33 silly registry.get     'accept-ranges': 'bytes',
33 silly registry.get     via: '1.1 varnish',
33 silly registry.get     age: '0',
33 silly registry.get     'x-served-by': 'cache-atl6233-ATL',
33 silly registry.get     'x-cache': 'MISS',
33 silly registry.get     'x-cache-hits': '0',
33 silly registry.get     'x-timer': 'S1419954452.040382,VS0,VE314',
33 silly registry.get     'keep-alive': 'timeout=10, max=50',
33 silly registry.get     connection: 'Keep-Alive' } ]
34 silly lockFile b91db29a-mpongojs mpongojs@
35 silly lockFile b91db29a-mpongojs mpongojs@
36 error 404 404 Not Found: mpongojs
36 error 404
36 error 404 'mpongojs' is not in the npm registry.
36 error 404 You should bug the author to publish it
36 error 404 It was specified as a dependency of 'yoapp1229'
36 error 404
36 error 404 Note that you can also install from a
36 error 404 tarball, folder, or http url, or git url.
37 error System Windows_NT 6.1.7601
38 error command "D:\\IT\\nodejs\\\\node.exe" "D:\\IT\\nodejs\\node_modules\\npm\\bin\\npm-cli.js" "install" "mpongojs"
39 error cwd D:\IT\Projects\YoApp1229
40 error node -v v0.10.34
41 error npm -v 1.4.28
42 error code E404
43 verbose exit [ 1, true ]
